<?xml version="1.0" encoding="UTF-8"?>
<testng-results ignored="0" total="1" passed="1" failed="0" skipped="0">
  <reporter-output>
  </reporter-output>
  <suite started-at="2024-11-23T23:25:34 IST" name="Suite" finished-at="2024-11-23T23:25:38 IST" duration-ms="4277">
    <groups>
    </groups>
    <test started-at="2024-11-23T23:25:34 IST" name="Test" finished-at="2024-11-23T23:25:38 IST" duration-ms="4277">
      <class name="lec039.CaptureScreenshot">
        <test-method signature="takeElementScreenshot()[pri:0, instance:lec039.CaptureScreenshot@75f32542]" started-at="2024-11-23T23:25:34 IST" name="takeElementScreenshot" finished-at="2024-11-23T23:25:38 IST" duration-ms="4253" status="PASS">
          <reporter-output>
          </reporter-output>
        </test-method> <!-- takeElementScreenshot -->
      </class> <!-- lec039.CaptureScreenshot -->
    </test> <!-- Test -->
  </suite> <!-- Suite -->
</testng-results>
