<?xml version="1.0" encoding="UTF-8"?>
<testng-results ignored="0" total="1" passed="1" failed="0" skipped="0">
  <reporter-output>
  </reporter-output>
  <suite started-at="2024-11-24T10:14:25 IST" name="Suite" finished-at="2024-11-24T10:14:29 IST" duration-ms="3333">
    <groups>
    </groups>
    <test started-at="2024-11-24T10:14:25 IST" name="Test" finished-at="2024-11-24T10:14:29 IST" duration-ms="3333">
      <class name="lec039.CaptureScreenshotWithTimeStamp">
        <test-method signature="takeFullPageScreenshot()[pri:0, instance:lec039.CaptureScreenshotWithTimeStamp@43ee72e6]" started-at="2024-11-24T10:14:26 IST" name="takeFullPageScreenshot" finished-at="2024-11-24T10:14:29 IST" duration-ms="3310" status="PASS">
          <reporter-output>
          </reporter-output>
        </test-method> <!-- takeFullPageScreenshot -->
      </class> <!-- lec039.CaptureScreenshotWithTimeStamp -->
    </test> <!-- Test -->
  </suite> <!-- Suite -->
</testng-results>
