<?xml version="1.0" encoding="UTF-8"?>
<testng-results ignored="0" total="1" passed="1" failed="0" skipped="0">
  <reporter-output>
  </reporter-output>
  <suite started-at="2024-11-13T20:56:30 IST" name="Default suite" finished-at="2024-11-13T20:56:40 IST" duration-ms="9969">
    <groups>
    </groups>
    <test started-at="2024-11-13T20:56:30 IST" name="Default test" finished-at="2024-11-13T20:56:40 IST" duration-ms="9969">
      <class name="lec039.CaptureScreenshotWithTimeStamp">
        <test-method signature="takeFullPageScreenshot()[pri:0, instance:lec039.CaptureScreenshotWithTimeStamp@67a20f67]" started-at="2024-11-13T20:56:30 IST" name="takeFullPageScreenshot" finished-at="2024-11-13T20:56:40 IST" duration-ms="9942" status="PASS">
          <reporter-output>
          </reporter-output>
        </test-method> <!-- takeFullPageScreenshot -->
      </class> <!-- lec039.CaptureScreenshotWithTimeStamp -->
    </test> <!-- Default test -->
  </suite> <!-- Default suite -->
</testng-results>
