<?xml version="1.0" encoding="UTF-8"?>
<testng-results ignored="0" total="1" passed="1" failed="0" skipped="0">
  <reporter-output>
  </reporter-output>
  <suite started-at="2024-11-24T10:15:57 IST" name="Default suite" finished-at="2024-11-24T10:16:00 IST" duration-ms="3187">
    <groups>
    </groups>
    <test started-at="2024-11-24T10:15:57 IST" name="Default test" finished-at="2024-11-24T10:16:00 IST" duration-ms="3187">
      <class name="lec039.CaptureScreenshotWithTimeStamp">
        <test-method signature="takeFullPageScreenshot()[pri:0, instance:lec039.CaptureScreenshotWithTimeStamp@57c758ac]" started-at="2024-11-24T10:15:57 IST" name="takeFullPageScreenshot" finished-at="2024-11-24T10:16:00 IST" duration-ms="3164" status="PASS">
          <reporter-output>
          </reporter-output>
        </test-method> <!-- takeFullPageScreenshot -->
      </class> <!-- lec039.CaptureScreenshotWithTimeStamp -->
    </test> <!-- Default test -->
  </suite> <!-- Default suite -->
</testng-results>
